<?xml version="1.0" encoding="UTF-8"?>
<!-- Generated by org.testng.reporters.JUnitReportReporter -->
<testsuite hostname="MSI" failures="0" tests="2" name="com.example.tests.SimpleBoardTest" time="1.796" errors="0" timestamp="2025-07-06T19:50:29 AEST" skipped="0">
  <testcase classname="com.example.tests.SimpleBoardTest" name="testCreateBoard" time="1.713"/>
  <system-out/>
  <testcase classname="com.example.tests.SimpleBoardTest" name="testDeleteBoard" time="0.083"/>
  <system-out/>
</testsuite> <!-- com.example.tests.SimpleBoardTest -->
